Using pre-set license
Built from '2020.3/staging' branch; Version is '2020.3.8f1 (507919d4fff5) revision 5273881'; Using compiler version '192528614'; Build Type 'Release'
OS: 'Windows 10 Home; OS build 19041.985; Version 2004; 64bit' Language: 'en' Physical Memory: 16314 MB
BatchMode: 1, IsHumanControllingUs: 0, StartBugReporterOnCrash: 0, Is64bit: 1, IsPro: 0

 COMMAND LINE ARGUMENTS:
C:\Program Files\Unity\Hub\Editor\2020.3.8f1\Editor\Unity.exe
-adb2
-batchMode
-noUpm
-name
AssetImportWorker0
-projectPath
C:/Users/ben_c/Documents/Unity/Create with Code/Programming-Theory-Repo/Programming Theory Project
-logFile
Logs/AssetImportWorker0.log
-srvPort
52176
Successfully changed project path to: C:/Users/ben_c/Documents/Unity/Create with Code/Programming-Theory-Repo/Programming Theory Project
C:/Users/ben_c/Documents/Unity/Create with Code/Programming-Theory-Repo/Programming Theory Project
Using Asset Import Pipeline V2.
Refreshing native plugins compatible for Editor in 30.03 ms, found 0 plugins.
Preloading 0 native plugins for Editor in 0.00 ms.
Initialize engine version: 2020.3.8f1 (507919d4fff5)
[Subsystems] Discovering subsystems at path C:/Program Files/Unity/Hub/Editor/2020.3.8f1/Editor/Data/Resources/UnitySubsystems
[Subsystems] Discovering subsystems at path C:/Users/ben_c/Documents/Unity/Create with Code/Programming-Theory-Repo/Programming Theory Project/Assets
GfxDevice: creating device client; threaded=0
Direct3D:
    Version:  Direct3D 11.0 [level 11.1]
    Renderer: NVIDIA GeForce RTX 3060 (ID=0x2503)
    Vendor:   
    VRAM:     12143 MB
    Driver:   27.21.14.7005
Initialize mono
Mono path[0] = 'C:/Program Files/Unity/Hub/Editor/2020.3.8f1/Editor/Data/Managed'
Mono path[1] = 'C:/Program Files/Unity/Hub/Editor/2020.3.8f1/Editor/Data/MonoBleedingEdge/lib/mono/unityjit'
Mono config path = 'C:/Program Files/Unity/Hub/Editor/2020.3.8f1/Editor/Data/MonoBleedingEdge/etc'
Using monoOptions --debugger-agent=transport=dt_socket,embedding=1,server=y,suspend=n,address=127.0.0.1:56236
Begin MonoManager ReloadAssembly
Registering precompiled unity dll's ...
Register platform support module: C:/Program Files/Unity/Hub/Editor/2020.3.8f1/Editor/Data/PlaybackEngines/WebGLSupport/UnityEditor.WebGL.Extensions.dll
Register platform support module: C:/Program Files/Unity/Hub/Editor/2020.3.8f1/Editor/Data/PlaybackEngines/MacStandaloneSupport/UnityEditor.OSXStandalone.Extensions.dll
Register platform support module: C:/Program Files/Unity/Hub/Editor/2020.3.8f1/Editor/Data/PlaybackEngines/WindowsStandaloneSupport/UnityEditor.WindowsStandalone.Extensions.dll
Register platform support module: C:/Program Files/Unity/Hub/Editor/2020.3.8f1/Editor/Data/PlaybackEngines/LinuxStandaloneSupport/UnityEditor.LinuxStandalone.Extensions.dll
Register platform support module: C:/Program Files/Unity/Hub/Editor/2020.3.8f1/Editor/Data/PlaybackEngines/LuminSupport/UnityEditor.Lumin.Extensions.dll
Registered in 0.004873 seconds.
Native extension for Lumin target not found
Native extension for LinuxStandalone target not found
Native extension for WindowsStandalone target not found
Native extension for OSXStandalone target not found
Native extension for WebGL target not found
Refreshing native plugins compatible for Editor in 30.57 ms, found 0 plugins.
Preloading 0 native plugins for Editor in 0.00 ms.
Mono: successfully reloaded assembly
- Completed reload, in  7.600 seconds
Platform modules already initialized, skipping
Registering precompiled user dll's ...
Registered in 0.000878 seconds.
Begin MonoManager ReloadAssembly
Native extension for Lumin target not found
Native extension for LinuxStandalone target not found
Native extension for WindowsStandalone target not found
Native extension for OSXStandalone target not found
Native extension for WebGL target not found
Refreshing native plugins compatible for Editor in 0.28 ms, found 0 plugins.
Preloading 0 native plugins for Editor in 0.00 ms.
Mono: successfully reloaded assembly
- Completed reload, in  1.033 seconds
Platform modules already initialized, skipping
========================================================================
Worker process is ready to serve import requests
Launched and connected shader compiler UnityShaderCompiler.exe after 0.05 seconds
Refreshing native plugins compatible for Editor in 0.26 ms, found 0 plugins.
Preloading 0 native plugins for Editor in 0.00 ms.
Unloading 1124 Unused Serialized files (Serialized files now loaded: 0)
System memory in use before: 57.8 MB.
System memory in use after: 57.9 MB.

Unloading 10 unused Assets to reduce memory usage. Loaded Objects now: 1566.
Total: 1.804000 ms (FindLiveObjects: 0.149100 ms CreateObjectMapping: 0.028400 ms MarkObjects: 1.542100 ms  DeleteObjects: 0.083200 ms)

========================================================================
Received Import Request.
  path: Assets/tetrahedron.obj
  artifactKey: Guid(23151766e6a675349bd025085d406938) Importer(815301076,1909f56bfc062723c751e8b465ee728b)
Start importing Assets/tetrahedron.obj using Guid(23151766e6a675349bd025085d406938) Importer(815301076,1909f56bfc062723c751e8b465ee728b)  -> (artifact id: 'dd4a5a09f9d4b51bcb89b179ed72c9b0') in 0.428636 seconds
  Import took 0.430724 seconds .

========================================================================
Received Import Request.
  Time since last request: 0.000209 seconds.
  path: Assets/pyramid.obj
  artifactKey: Guid(11b3c1e53c34e6e44b082b031b0081b2) Importer(815301076,1909f56bfc062723c751e8b465ee728b)
Start importing Assets/pyramid.obj using Guid(11b3c1e53c34e6e44b082b031b0081b2) Importer(815301076,1909f56bfc062723c751e8b465ee728b)  -> (artifact id: '3e95d0e466ff85246c219aa4aff0053d') in 0.027144 seconds
  Import took 0.029056 seconds .

========================================================================
Received Import Request.
  Time since last request: 0.000214 seconds.
  path: Assets/dodecahedron.obj
  artifactKey: Guid(c89b16b911df83a49b1ddb339d5d512b) Importer(815301076,1909f56bfc062723c751e8b465ee728b)
Start importing Assets/dodecahedron.obj using Guid(c89b16b911df83a49b1ddb339d5d512b) Importer(815301076,1909f56bfc062723c751e8b465ee728b)  -> (artifact id: '0334d0c46771d30c012b5cce2004288c') in 0.023491 seconds
  Import took 0.025578 seconds .

========================================================================
Received Import Request.
  Time since last request: 0.000248 seconds.
  path: Assets/torus.obj
  artifactKey: Guid(295cac60a685ba8479ced38ac73d6e88) Importer(815301076,1909f56bfc062723c751e8b465ee728b)
Start importing Assets/torus.obj using Guid(295cac60a685ba8479ced38ac73d6e88) Importer(815301076,1909f56bfc062723c751e8b465ee728b)  -> (artifact id: '59b2571a8a480416cb641687d3c445e2') in 0.033335 seconds
  Import took 0.035523 seconds .

========================================================================
Received Import Request.
  Time since last request: 0.000211 seconds.
  path: Assets/octahedron.obj
  artifactKey: Guid(0df2254db83c30d4f8f54ee7812ab411) Importer(815301076,1909f56bfc062723c751e8b465ee728b)
Start importing Assets/octahedron.obj using Guid(0df2254db83c30d4f8f54ee7812ab411) Importer(815301076,1909f56bfc062723c751e8b465ee728b)  -> (artifact id: '30e83a3d5a6965dc6429d3150b187bc1') in 0.021616 seconds
  Import took 0.023578 seconds .

========================================================================
Received Import Request.
  Time since last request: 0.000220 seconds.
  path: Assets/icosahedron.obj
  artifactKey: Guid(42f3f7a145b909649b072834a26a5ed6) Importer(815301076,1909f56bfc062723c751e8b465ee728b)
Start importing Assets/icosahedron.obj using Guid(42f3f7a145b909649b072834a26a5ed6) Importer(815301076,1909f56bfc062723c751e8b465ee728b)  -> (artifact id: 'cf2d89fc7bf56d5fa030746a246ce80a') in 0.027048 seconds
  Import took 0.029326 seconds .

========================================================================
Received Import Request.
  Time since last request: 2855.568500 seconds.
  path: Assets/Scripts
  artifactKey: Guid(1d3c13834ab2c3d4a96b88ec2eb4a821) Importer(815301076,1909f56bfc062723c751e8b465ee728b)
Start importing Assets/Scripts using Guid(1d3c13834ab2c3d4a96b88ec2eb4a821) Importer(815301076,1909f56bfc062723c751e8b465ee728b)  -> (artifact id: 'b9b04f742a7dd814b23860b9b451ec85') in 0.007381 seconds
  Import took 0.009630 seconds .

========================================================================
Received Import Request.
  Time since last request: 0.012912 seconds.
  path: Assets/Scripts
  artifactKey: Guid(1d3c13834ab2c3d4a96b88ec2eb4a821) Importer(815301076,1909f56bfc062723c751e8b465ee728b)
Start importing Assets/Scripts using Guid(1d3c13834ab2c3d4a96b88ec2eb4a821) Importer(815301076,1909f56bfc062723c751e8b465ee728b)  -> (artifact id: 'b9b04f742a7dd814b23860b9b451ec85') in 0.003019 seconds
  Import took 0.005264 seconds .

